# JRE version: Java(TM) SE Runtime Environment (8.0_172-b11) (build 1.8.0_172-b11)
# Java VM: Java HotSpot(TM) 64-Bit Server VM (25.172-b11 mixed mode linux-amd64 compressed oops)
Heap:
 PSYoungGen      total 364544K, used 247647K [0x00000000d7980000, 0x00000000f0200000, 0x0000000100000000)
  eden space 364032K, 67% used [0x00000000d7980000,0x00000000e6b37cf8,0x00000000edd00000)
  from space 512K, 25% used [0x00000000f0180000,0x00000000f01a0000,0x00000000f0200000)
  to   space 10240K, 0% used [0x00000000eee00000,0x00000000eee00000,0x00000000ef800000)
 ParOldGen       total 83456K, used 9222K [0x0000000086c00000, 0x000000008bd80000, 0x00000000d7980000)
  object space 83456K, 11% used [0x0000000086c00000,0x0000000087501880,0x000000008bd80000)
 Metaspace       used 19341K, capacity 20032K, committed 20352K, reserved 1067008K
  class space    used 2428K, capacity 2625K, committed 2688K, reserved 1048576K
GC Heap History (10 events):
Event: 6.023 GC heap before
{Heap before GC invocations=8 (full 0):
 PSYoungGen      total 135680K, used 124359K [0x00000000d7980000, 0x00000000e8380000, 0x0000000100000000)
  eden space 124928K, 99% used [0x00000000d7980000,0x00000000df2c9e20,0x00000000df380000)
  from space 10752K, 1% used [0x00000000df380000,0x00000000df3a8000,0x00000000dfe00000)
  to   space 11264K, 0% used [0x00000000e7880000,0x00000000e7880000,0x00000000e8380000)
 ParOldGen       total 83456K, used 9118K [0x0000000086c00000, 0x000000008bd80000, 0x00000000d7980000)
  object space 83456K, 10% used [0x0000000086c00000,0x00000000874e7880,0x000000008bd80000)
 Metaspace       used 18815K, capacity 19516K, committed 19840K, reserved 1067008K
  class space    used 2427K, capacity 2625K, committed 2688K, reserved 1048576K
Event: 6.027 GC heap after
Heap after GC invocations=8 (full 0):
 PSYoungGen      total 261120K, used 128K [0x00000000d7980000, 0x00000000e8380000, 0x0000000100000000)
  eden space 249856K, 0% used [0x00000000d7980000,0x00000000d7980000,0x00000000e6d80000)
  from space 11264K, 1% used [0x00000000e7880000,0x00000000e78a0000,0x00000000e8380000)
  to   space 11264K, 0% used [0x00000000e6d80000,0x00000000e6d80000,0x00000000e7880000)
 ParOldGen       total 83456K, used 9126K [0x0000000086c00000, 0x000000008bd80000, 0x00000000d7980000)
  object space 83456K, 10% used [0x0000000086c00000,0x00000000874e9880,0x000000008bd80000)
 Metaspace       used 18815K, capacity 19516K, committed 19840K, reserved 1067008K
  class space    used 2427K, capacity 2625K, committed 2688K, reserved 1048576K
}
Event: 6.683 GC heap before
{Heap before GC invocations=9 (full 0):
 PSYoungGen      total 261120K, used 249370K [0x00000000d7980000, 0x00000000e8380000, 0x0000000100000000)
  eden space 249856K, 99% used [0x00000000d7980000,0x00000000e6ce6968,0x00000000e6d80000)
  from space 11264K, 1% used [0x00000000e7880000,0x00000000e78a0000,0x00000000e8380000)
  to   space 11264K, 0% used [0x00000000e6d80000,0x00000000e6d80000,0x00000000e7880000)
 ParOldGen       total 83456K, used 9126K [0x0000000086c00000, 0x000000008bd80000, 0x00000000d7980000)
  object space 83456K, 10% used [0x0000000086c00000,0x00000000874e9880,0x000000008bd80000)
 Metaspace       used 18940K, capacity 19584K, committed 19840K, reserved 1067008K
  class space    used 2427K, capacity 2625K, committed 2688K, reserved 1048576K
Event: 6.685 GC heap after
Heap after GC invocations=9 (full 0):
 PSYoungGen      total 261120K, used 128K [0x00000000d7980000, 0x00000000f1600000, 0x0000000100000000)
  eden space 249856K, 0% used [0x00000000d7980000,0x00000000d7980000,0x00000000e6d80000)
  from space 11264K, 1% used [0x00000000e6d80000,0x00000000e6da0000,0x00000000e7880000)
  to   space 11264K, 0% used [0x00000000f0b00000,0x00000000f0b00000,0x00000000f1600000)
 ParOldGen       total 83456K, used 9142K [0x0000000086c00000, 0x000000008bd80000, 0x00000000d7980000)
  object space 83456K, 10% used [0x0000000086c00000,0x00000000874ed880,0x000000008bd80000)
 Metaspace       used 18940K, capacity 19584K, committed 19840K, reserved 1067008K
  class space    used 2427K, capacity 2625K, committed 2688K, reserved 1048576K
}
Event: 7.365 GC heap before
{Heap before GC invocations=10 (full 0):
 PSYoungGen      total 261120K, used 249984K [0x00000000d7980000, 0x00000000f1600000, 0x0000000100000000)
  eden space 249856K, 100% used [0x00000000d7980000,0x00000000e6d80000,0x00000000e6d80000)
  from space 11264K, 1% used [0x00000000e6d80000,0x00000000e6da0000,0x00000000e7880000)
  to   space 11264K, 0% used [0x00000000f0b00000,0x00000000f0b00000,0x00000000f1600000)
 ParOldGen       total 83456K, used 9142K [0x0000000086c00000, 0x000000008bd80000, 0x00000000d7980000)
  object space 83456K, 10% used [0x0000000086c00000,0x00000000874ed880,0x000000008bd80000)
 Metaspace       used 19058K, capacity 19776K, committed 20096K, reserved 1067008K
  class space    used 2427K, capacity 2625K, committed 2688K, reserved 1048576K
Event: 7.367 GC heap after
Heap after GC invocations=10 (full 0):
 PSYoungGen      total 410112K, used 2746K [0x00000000d7980000, 0x00000000f1500000, 0x0000000100000000)
  eden space 399872K, 0% used [0x00000000d7980000,0x00000000d7980000,0x00000000f0000000)
  from space 10240K, 26% used [0x00000000f0b00000,0x00000000f0daeb90,0x00000000f1500000)
  to   space 10752K, 0% used [0x00000000f0000000,0x00000000f0000000,0x00000000f0a80000)
 ParOldGen       total 83456K, used 9158K [0x0000000086c00000, 0x000000008bd80000, 0x00000000d7980000)
  object space 83456K, 10% used [0x0000000086c00000,0x00000000874f1880,0x000000008bd80000)
 Metaspace       used 19058K, capacity 19776K, committed 20096K, reserved 1067008K
  class space    used 2427K, capacity 2625K, committed 2688K, reserved 1048576K
}
Event: 8.293 GC heap before
{Heap before GC invocations=11 (full 0):
 PSYoungGen      total 410112K, used 402516K [0x00000000d7980000, 0x00000000f1500000, 0x0000000100000000)
  eden space 399872K, 99% used [0x00000000d7980000,0x00000000effe6740,0x00000000f0000000)
  from space 10240K, 26% used [0x00000000f0b00000,0x00000000f0daeb90,0x00000000f1500000)
  to   space 10752K, 0% used [0x00000000f0000000,0x00000000f0000000,0x00000000f0a80000)
 ParOldGen       total 83456K, used 9158K [0x0000000086c00000, 0x000000008bd80000, 0x00000000d7980000)
  object space 83456K, 10% used [0x0000000086c00000,0x00000000874f1880,0x000000008bd80000)
 Metaspace       used 19151K, capacity 19904K, committed 20096K, reserved 1067008K
  class space    used 2427K, capacity 2625K, committed 2688K, reserved 1048576K
Event: 8.295 GC heap after
Heap after GC invocations=11 (full 0):
 PSYoungGen      total 381952K, used 128K [0x00000000d7980000, 0x00000000f0b80000, 0x0000000100000000)
  eden space 381440K, 0% used [0x00000000d7980000,0x00000000d7980000,0x00000000eee00000)
  from space 512K, 25% used [0x00000000f0000000,0x00000000f0020000,0x00000000f0080000)
  to   space 10240K, 0% used [0x00000000f0180000,0x00000000f0180000,0x00000000f0b80000)
 ParOldGen       total 83456K, used 9190K [0x0000000086c00000, 0x000000008bd80000, 0x00000000d7980000)
  object space 83456K, 11% used [0x0000000086c00000,0x00000000874f9880,0x000000008bd80000)
 Metaspace       used 19151K, capacity 19904K, committed 20096K, reserved 1067008K
  class space    used 2427K, capacity 2625K, committed 2688K, reserved 1048576K
}
Event: 9.164 GC heap before
{Heap before GC invocations=12 (full 0):
 PSYoungGen      total 381952K, used 381466K [0x00000000d7980000, 0x00000000f0b80000, 0x0000000100000000)
  eden space 381440K, 99% used [0x00000000d7980000,0x00000000eede6a08,0x00000000eee00000)
  from space 512K, 25% used [0x00000000f0000000,0x00000000f0020000,0x00000000f0080000)
  to   space 10240K, 0% used [0x00000000f0180000,0x00000000f0180000,0x00000000f0b80000)
 ParOldGen       total 83456K, used 9190K [0x0000000086c00000, 0x000000008bd80000, 0x00000000d7980000)
  object space 83456K, 11% used [0x0000000086c00000,0x00000000874f9880,0x000000008bd80000)
 Metaspace       used 19194K, capacity 19904K, committed 20096K, reserved 1067008K
  class space    used 2427K, capacity 2625K, committed 2688K, reserved 1048576K
Event: 9.166 GC heap after
Heap after GC invocations=12 (full 0):
 PSYoungGen      total 364544K, used 128K [0x00000000d7980000, 0x00000000f0200000, 0x0000000100000000)
  eden space 364032K, 0% used [0x00000000d7980000,0x00000000d7980000,0x00000000edd00000)
  from space 512K, 25% used [0x00000000f0180000,0x00000000f01a0000,0x00000000f0200000)
  to   space 10240K, 0% used [0x00000000eee00000,0x00000000eee00000,0x00000000ef800000)
 ParOldGen       total 83456K, used 9222K [0x0000000086c00000, 0x000000008bd80000, 0x00000000d7980000)
  object space 83456K, 11% used [0x0000000086c00000,0x0000000087501880,0x000000008bd80000)
 Metaspace       used 19194K, capacity 19904K, committed 20096K, reserved 1067008K
  class space    used 2427K, capacity 2625K, committed 2688K, reserved 1048576K
}

